<?xml version="1.0" encoding="UTF-8"?>
<!-- Generated by org.testng.reporters.JUnitReportReporter -->
<testsuite hostname="DESKTOP-042KE08" failures="0" tests="1" name="com.Equarz.Testcases.LoginTest" time="41.230" errors="0" timestamp="2023-09-28T15:39:33 IST" skipped="0">
  <testcase classname="com.Equarz.Testcases.LoginTest" name="verifylog" time="41.230"/>
</testsuite> <!-- com.Equarz.Testcases.LoginTest -->
