<?xml version="1.0" encoding="UTF-8"?>
<!-- Generated by org.testng.reporters.JUnitReportReporter -->
<testsuite hostname="DESKTOP-042KE08" failures="0" tests="4" name="com.Equarz.Testcases.wishlisttest" time="141.631" errors="0" timestamp="2023-09-20T10:59:42 IST" skipped="0">
  <testcase classname="com.Equarz.Testcases.wishlisttest" name="bannerwishlist" time="34.246"/>
  <testcase classname="com.Equarz.Testcases.wishlisttest" name="categorywishlist" time="41.394"/>
  <testcase classname="com.Equarz.Testcases.wishlisttest" name="homewishlist" time="28.881"/>
  <testcase classname="com.Equarz.Testcases.wishlisttest" name="searchwishlist" time="37.110"/>
</testsuite> <!-- com.Equarz.Testcases.wishlisttest -->
