<?xml version="1.0" encoding="UTF-8"?>
<!-- Generated by org.testng.reporters.JUnitReportReporter -->
<testsuite hostname="DESKTOP-042KE08" failures="0" tests="1" name="com.Equarz.Testcases.HomeTest" time="4.945" errors="0" timestamp="2023-09-28T17:42:45 IST" skipped="0">
  <testcase classname="com.Equarz.Testcases.HomeTest" name="Tiwtter" time="4.945"/>
</testsuite> <!-- com.Equarz.Testcases.HomeTest -->
